<?xml version="1.0" encoding="UTF-8"?>
<testng-results ignored="0" total="1" passed="1" failed="0" skipped="0">
  <reporter-output>
  </reporter-output>
  <suite started-at="2022-10-09T03:39:19 ALMT" name="Default suite" finished-at="2022-10-09T03:39:19 ALMT" duration-ms="30">
    <groups>
    </groups>
    <test started-at="2022-10-09T03:39:19 ALMT" name="Default test" finished-at="2022-10-09T03:39:19 ALMT" duration-ms="30">
      <class name="dpack.ExtentReportTestNG">
        <test-method is-config="true" signature="setUp()[pri:0, instance:dpack.ExtentReportTestNG@209da20d]" started-at="2022-10-09T03:39:19 ALMT" name="setUp" finished-at="2022-10-09T03:39:19 ALMT" duration-ms="133" status="PASS">
          <reporter-output>
          </reporter-output>
        </test-method> <!-- setUp -->
        <test-method signature="test1()[pri:0, instance:dpack.ExtentReportTestNG@209da20d]" started-at="2022-10-09T03:39:19 ALMT" name="test1" finished-at="2022-10-09T03:39:19 ALMT" duration-ms="12" status="PASS">
          <reporter-output>
          </reporter-output>
        </test-method> <!-- test1 -->
        <test-method is-config="true" signature="tearDown()[pri:0, instance:dpack.ExtentReportTestNG@209da20d]" started-at="2022-10-09T03:39:19 ALMT" name="tearDown" finished-at="2022-10-09T03:39:19 ALMT" duration-ms="206" status="PASS">
          <reporter-output>
          </reporter-output>
        </test-method> <!-- tearDown -->
      </class> <!-- dpack.ExtentReportTestNG -->
    </test> <!-- Default test -->
  </suite> <!-- Default suite -->
</testng-results>
